<?xml version="1.0" encoding="UTF-8"?>
<!-- Generated by org.testng.reporters.JUnitXMLReporter -->
<testsuite hostname="DESKTOP-70GPRGL" ignored="0" name="Default test" tests="10" failures="0" timestamp="2022-02-27T21:59:02 CST" time="9.78" errors="0">
  <testcase name="Landing_Page" time="3.128" classname="com.TestCases.MaxLandingTestCase"/>
  <testcase name="getTitle" time="2.63" classname="com.TestCases.MaxLandingTestCase"/>
  <testcase name="verifyJoinPageLinks" time="0.058" classname="com.TestCases.MaxLandingTestCase"/>
  <testcase name="verifyProductsPageLinks" time="0.029" classname="com.TestCases.MaxLandingTestCase"/>
  <testcase name="verifyShopPageLinks" time="0.027" classname="com.TestCases.MaxLandingTestCase"/>
  <testcase name="verifyWhyMaxPageLinks" time="0.037" classname="com.TestCases.MaxLandingTestCase"/>
  <testcase name="clickMemberLogin" time="0.605" classname="com.TestCases.MaxLandingTestCase"/>
  <testcase name="usernameOfAccount" time="0.064" classname="com.TestCases.MaxLandingTestCase"/>
  <testcase name="passwordOfAccount" time="3.073" classname="com.TestCases.MaxLandingTestCase"/>
  <testcase name="loginToAccount" time="0.064" classname="com.TestCases.MaxLandingTestCase"/>
</testsuite> <!-- Default test -->
