<?xml version="1.0" encoding="UTF-8"?>
<testng-results skipped="0" failed="0" ignored="0" total="10" passed="10">
  <reporter-output>
  </reporter-output>
  <suite name="Default suite" duration-ms="9780" started-at="2022-02-27T21:58:52 CST" finished-at="2022-02-27T21:59:02 CST">
    <groups>
      <group name="verifylandinglinks">
        <method signature="MaxLandingTestCase.verifyJoinPageLinks()[pri:0, instance:com.TestCases.MaxLandingTestCase@67b467e9]" name="verifyJoinPageLinks" class="com.TestCases.MaxLandingTestCase"/>
        <method signature="MaxLandingTestCase.verifyProductsPageLinks()[pri:0, instance:com.TestCases.MaxLandingTestCase@67b467e9]" name="verifyProductsPageLinks" class="com.TestCases.MaxLandingTestCase"/>
        <method signature="MaxLandingTestCase.verifyShopPageLinks()[pri:0, instance:com.TestCases.MaxLandingTestCase@67b467e9]" name="verifyShopPageLinks" class="com.TestCases.MaxLandingTestCase"/>
        <method signature="MaxLandingTestCase.verifyWhyMaxPageLinks()[pri:0, instance:com.TestCases.MaxLandingTestCase@67b467e9]" name="verifyWhyMaxPageLinks" class="com.TestCases.MaxLandingTestCase"/>
      </group> <!-- verifylandinglinks -->
    </groups>
    <test name="Default test" duration-ms="9780" started-at="2022-02-27T21:58:52 CST" finished-at="2022-02-27T21:59:02 CST">
      <class name="com.TestCases.MaxLandingTestCase">
        <test-method status="PASS" signature="intialize()[pri:0, instance:com.TestCases.MaxLandingTestCase@67b467e9]" name="intialize" is-config="true" duration-ms="4638" started-at="2022-02-27T21:58:47 CST" finished-at="2022-02-27T21:58:52 CST">
          <reporter-output>
          </reporter-output>
        </test-method> <!-- intialize -->
        <test-method status="PASS" signature="start()[pri:0, instance:com.TestCases.MaxLandingTestCase@67b467e9]" name="start" is-config="true" duration-ms="1" started-at="2022-02-27T21:58:52 CST" finished-at="2022-02-27T21:58:52 CST">
          <reporter-output>
          </reporter-output>
        </test-method> <!-- start -->
        <test-method status="PASS" signature="Landing_Page()[pri:0, instance:com.TestCases.MaxLandingTestCase@67b467e9]" name="Landing_Page" duration-ms="3128" started-at="2022-02-27T21:58:52 CST" finished-at="2022-02-27T21:58:55 CST">
          <reporter-output>
          </reporter-output>
        </test-method> <!-- Landing_Page -->
        <test-method status="PASS" signature="getTitle()[pri:0, instance:com.TestCases.MaxLandingTestCase@67b467e9]" name="getTitle" duration-ms="2630" started-at="2022-02-27T21:58:55 CST" finished-at="2022-02-27T21:58:58 CST">
          <reporter-output>
          </reporter-output>
        </test-method> <!-- getTitle -->
        <test-method status="PASS" signature="verifyJoinPageLinks()[pri:0, instance:com.TestCases.MaxLandingTestCase@67b467e9]" name="verifyJoinPageLinks" duration-ms="58" started-at="2022-02-27T21:58:58 CST" depends-on-methods="com.TestCases.MaxLandingTestCase.Landing_Page" finished-at="2022-02-27T21:58:58 CST">
          <reporter-output>
          </reporter-output>
        </test-method> <!-- verifyJoinPageLinks -->
        <test-method status="PASS" signature="verifyProductsPageLinks()[pri:0, instance:com.TestCases.MaxLandingTestCase@67b467e9]" name="verifyProductsPageLinks" duration-ms="29" started-at="2022-02-27T21:58:58 CST" depends-on-methods="com.TestCases.MaxLandingTestCase.Landing_Page" finished-at="2022-02-27T21:58:58 CST">
          <reporter-output>
          </reporter-output>
        </test-method> <!-- verifyProductsPageLinks -->
        <test-method status="PASS" signature="verifyShopPageLinks()[pri:0, instance:com.TestCases.MaxLandingTestCase@67b467e9]" name="verifyShopPageLinks" duration-ms="27" started-at="2022-02-27T21:58:58 CST" depends-on-methods="com.TestCases.MaxLandingTestCase.Landing_Page" finished-at="2022-02-27T21:58:58 CST">
          <reporter-output>
          </reporter-output>
        </test-method> <!-- verifyShopPageLinks -->
        <test-method status="PASS" signature="verifyWhyMaxPageLinks()[pri:0, instance:com.TestCases.MaxLandingTestCase@67b467e9]" name="verifyWhyMaxPageLinks" duration-ms="37" started-at="2022-02-27T21:58:58 CST" depends-on-methods="com.TestCases.MaxLandingTestCase.Landing_Page" finished-at="2022-02-27T21:58:58 CST">
          <reporter-output>
          </reporter-output>
        </test-method> <!-- verifyWhyMaxPageLinks -->
        <test-method status="PASS" signature="clickMemberLogin()[pri:0, instance:com.TestCases.MaxLandingTestCase@67b467e9]" name="clickMemberLogin" duration-ms="605" depends-on-groups="verifylandinglinks" started-at="2022-02-27T21:58:58 CST" finished-at="2022-02-27T21:58:58 CST">
          <reporter-output>
          </reporter-output>
        </test-method> <!-- clickMemberLogin -->
        <test-method status="PASS" signature="usernameOfAccount()[pri:0, instance:com.TestCases.MaxLandingTestCase@67b467e9]" name="usernameOfAccount" duration-ms="64" started-at="2022-02-27T21:58:58 CST" depends-on-methods="com.TestCases.MaxLandingTestCase.clickMemberLogin" finished-at="2022-02-27T21:58:58 CST">
          <reporter-output>
          </reporter-output>
        </test-method> <!-- usernameOfAccount -->
        <test-method status="PASS" signature="passwordOfAccount()[pri:0, instance:com.TestCases.MaxLandingTestCase@67b467e9]" name="passwordOfAccount" duration-ms="3073" started-at="2022-02-27T21:58:58 CST" depends-on-methods="com.TestCases.MaxLandingTestCase.usernameOfAccount" finished-at="2022-02-27T21:59:01 CST">
          <reporter-output>
          </reporter-output>
        </test-method> <!-- passwordOfAccount -->
        <test-method status="PASS" signature="loginToAccount()[pri:0, instance:com.TestCases.MaxLandingTestCase@67b467e9]" name="loginToAccount" duration-ms="64" started-at="2022-02-27T21:59:01 CST" depends-on-methods="com.TestCases.MaxLandingTestCase.passwordOfAccount" finished-at="2022-02-27T21:59:02 CST">
          <reporter-output>
          </reporter-output>
        </test-method> <!-- loginToAccount -->
      </class> <!-- com.TestCases.MaxLandingTestCase -->
    </test> <!-- Default test -->
  </suite> <!-- Default suite -->
</testng-results>
